<?xml version="1.0" encoding="UTF-8"?>
<testsuite xmlns:xsi="http://www.w3.org/2001/XMLSchema-instance" xsi:noNamespaceSchemaLocation="https://maven.apache.org/surefire/maven-surefire-plugin/xsd/surefire-test-report.xsd" name="com.soproen.paymentsmodule.app.AppPaymentsApplicationTests" time="13.977" tests="1" errors="0" skipped="0" failures="0">
  <properties>
    <property name="sun.desktop" value="windows"/>
    <property name="awt.toolkit" value="sun.awt.windows.WToolkit"/>
    <property name="file.encoding.pkg" value="sun.io"/>
    <property name="java.specification.version" value="1.8"/>
    <property name="sun.cpu.isalist" value="amd64"/>
    <property name="sun.jnu.encoding" value="Cp1252"/>
    <property name="java.class.path" value="C:\Users\JorgeVillafuerteGord\Documents\JorgeVillafuerte\0_Personal\1_desarrollo\proyectosPersonales\ProyAyala\11_workspace_ayala\payments\target\test-classes;C:\Users\JorgeVillafuerteGord\Documents\JorgeVillafuerte\0_Personal\1_desarrollo\proyectosPersonales\ProyAyala\11_workspace_ayala\payments\target\classes;C:\Users\JorgeVillafuerteGord\.m2\repository\org\springframework\boot\spring-boot-starter-data-jpa\2.4.2\spring-boot-starter-data-jpa-2.4.2.jar;C:\Users\JorgeVillafuerteGord\.m2\repository\org\springframework\boot\spring-boot-starter-aop\2.4.2\spring-boot-starter-aop-2.4.2.jar;C:\Users\JorgeVillafuerteGord\.m2\repository\org\springframework\spring-aop\5.3.3\spring-aop-5.3.3.jar;C:\Users\JorgeVillafuerteGord\.m2\repository\org\aspectj\aspectjweaver\1.9.6\aspectjweaver-1.9.6.jar;C:\Users\JorgeVillafuerteGord\.m2\repository\org\springframework\boot\spring-boot-starter-jdbc\2.4.2\spring-boot-starter-jdbc-2.4.2.jar;C:\Users\JorgeVillafuerteGord\.m2\repository\com\zaxxer\HikariCP\3.4.5\HikariCP-3.4.5.jar;C:\Users\JorgeVillafuerteGord\.m2\repository\org\springframework\spring-jdbc\5.3.3\spring-jdbc-5.3.3.jar;C:\Users\JorgeVillafuerteGord\.m2\repository\jakarta\transaction\jakarta.transaction-api\1.3.3\jakarta.transaction-api-1.3.3.jar;C:\Users\JorgeVillafuerteGord\.m2\repository\jakarta\persistence\jakarta.persistence-api\2.2.3\jakarta.persistence-api-2.2.3.jar;C:\Users\JorgeVillafuerteGord\.m2\repository\org\hibernate\hibernate-core\5.4.27.Final\hibernate-core-5.4.27.Final.jar;C:\Users\JorgeVillafuerteGord\.m2\repository\org\jboss\logging\jboss-logging\3.4.1.Final\jboss-logging-3.4.1.Final.jar;C:\Users\JorgeVillafuerteGord\.m2\repository\org\javassist\javassist\3.27.0-GA\javassist-3.27.0-GA.jar;C:\Users\JorgeVillafuerteGord\.m2\repository\net\bytebuddy\byte-buddy\1.10.19\byte-buddy-1.10.19.jar;C:\Users\JorgeVillafuerteGord\.m2\repository\antlr\antlr\2.7.7\antlr-2.7.7.jar;C:\Users\JorgeVillafuerteGord\.m2\repository\org\jboss\jandex\2.1.3.Final\jandex-2.1.3.Final.jar;C:\Users\JorgeVillafuerteGord\.m2\repository\com\fasterxml\classmate\1.5.1\classmate-1.5.1.jar;C:\Users\JorgeVillafuerteGord\.m2\repository\org\dom4j\dom4j\2.1.3\dom4j-2.1.3.jar;C:\Users\JorgeVillafuerteGord\.m2\repository\org\hibernate\common\hibernate-commons-annotations\5.1.2.Final\hibernate-commons-annotations-5.1.2.Final.jar;C:\Users\JorgeVillafuerteGord\.m2\repository\org\glassfish\jaxb\jaxb-runtime\2.3.3\jaxb-runtime-2.3.3.jar;C:\Users\JorgeVillafuerteGord\.m2\repository\org\glassfish\jaxb\txw2\2.3.3\txw2-2.3.3.jar;C:\Users\JorgeVillafuerteGord\.m2\repository\com\sun\istack\istack-commons-runtime\3.0.11\istack-commons-runtime-3.0.11.jar;C:\Users\JorgeVillafuerteGord\.m2\repository\com\sun\activation\jakarta.activation\1.2.2\jakarta.activation-1.2.2.jar;C:\Users\JorgeVillafuerteGord\.m2\repository\org\springframework\data\spring-data-jpa\2.4.3\spring-data-jpa-2.4.3.jar;C:\Users\JorgeVillafuerteGord\.m2\repository\org\springframework\data\spring-data-commons\2.4.3\spring-data-commons-2.4.3.jar;C:\Users\JorgeVillafuerteGord\.m2\repository\org\springframework\spring-orm\5.3.3\spring-orm-5.3.3.jar;C:\Users\JorgeVillafuerteGord\.m2\repository\org\springframework\spring-context\5.3.3\spring-context-5.3.3.jar;C:\Users\JorgeVillafuerteGord\.m2\repository\org\springframework\spring-tx\5.3.3\spring-tx-5.3.3.jar;C:\Users\JorgeVillafuerteGord\.m2\repository\org\springframework\spring-beans\5.3.3\spring-beans-5.3.3.jar;C:\Users\JorgeVillafuerteGord\.m2\repository\org\slf4j\slf4j-api\1.7.30\slf4j-api-1.7.30.jar;C:\Users\JorgeVillafuerteGord\.m2\repository\org\springframework\spring-aspects\5.3.3\spring-aspects-5.3.3.jar;C:\Users\JorgeVillafuerteGord\.m2\repository\org\springframework\boot\spring-boot-starter-web\2.4.2\spring-boot-starter-web-2.4.2.jar;C:\Users\JorgeVillafuerteGord\.m2\repository\org\springframework\boot\spring-boot-starter\2.4.2\spring-boot-starter-2.4.2.jar;C:\Users\JorgeVillafuerteGord\.m2\repository\org\springframework\boot\spring-boot\2.4.2\spring-boot-2.4.2.jar;C:\Users\JorgeVillafuerteGord\.m2\repository\org\springframework\boot\spring-boot-autoconfigure\2.4.2\spring-boot-autoconfigure-2.4.2.jar;C:\Users\JorgeVillafuerteGord\.m2\repository\org\springframework\boot\spring-boot-starter-logging\2.4.2\spring-boot-starter-logging-2.4.2.jar;C:\Users\JorgeVillafuerteGord\.m2\repository\ch\qos\logback\logback-classic\1.2.3\logback-classic-1.2.3.jar;C:\Users\JorgeVillafuerteGord\.m2\repository\ch\qos\logback\logback-core\1.2.3\logback-core-1.2.3.jar;C:\Users\JorgeVillafuerteGord\.m2\repository\org\apache\logging\log4j\log4j-to-slf4j\2.13.3\log4j-to-slf4j-2.13.3.jar;C:\Users\JorgeVillafuerteGord\.m2\repository\org\apache\logging\log4j\log4j-api\2.13.3\log4j-api-2.13.3.jar;C:\Users\JorgeVillafuerteGord\.m2\repository\org\slf4j\jul-to-slf4j\1.7.30\jul-to-slf4j-1.7.30.jar;C:\Users\JorgeVillafuerteGord\.m2\repository\jakarta\annotation\jakarta.annotation-api\1.3.5\jakarta.annotation-api-1.3.5.jar;C:\Users\JorgeVillafuerteGord\.m2\repository\org\yaml\snakeyaml\1.27\snakeyaml-1.27.jar;C:\Users\JorgeVillafuerteGord\.m2\repository\org\springframework\boot\spring-boot-starter-json\2.4.2\spring-boot-starter-json-2.4.2.jar;C:\Users\JorgeVillafuerteGord\.m2\repository\com\fasterxml\jackson\core\jackson-databind\2.11.4\jackson-databind-2.11.4.jar;C:\Users\JorgeVillafuerteGord\.m2\repository\com\fasterxml\jackson\core\jackson-annotations\2.11.4\jackson-annotations-2.11.4.jar;C:\Users\JorgeVillafuerteGord\.m2\repository\com\fasterxml\jackson\core\jackson-core\2.11.4\jackson-core-2.11.4.jar;C:\Users\JorgeVillafuerteGord\.m2\repository\com\fasterxml\jackson\datatype\jackson-datatype-jdk8\2.11.4\jackson-datatype-jdk8-2.11.4.jar;C:\Users\JorgeVillafuerteGord\.m2\repository\com\fasterxml\jackson\datatype\jackson-datatype-jsr310\2.11.4\jackson-datatype-jsr310-2.11.4.jar;C:\Users\JorgeVillafuerteGord\.m2\repository\com\fasterxml\jackson\module\jackson-module-parameter-names\2.11.4\jackson-module-parameter-names-2.11.4.jar;C:\Users\JorgeVillafuerteGord\.m2\repository\org\springframework\boot\spring-boot-starter-tomcat\2.4.2\spring-boot-starter-tomcat-2.4.2.jar;C:\Users\JorgeVillafuerteGord\.m2\repository\org\apache\tomcat\embed\tomcat-embed-core\9.0.41\tomcat-embed-core-9.0.41.jar;C:\Users\JorgeVillafuerteGord\.m2\repository\org\apache\tomcat\embed\tomcat-embed-websocket\9.0.41\tomcat-embed-websocket-9.0.41.jar;C:\Users\JorgeVillafuerteGord\.m2\repository\org\springframework\spring-web\5.3.3\spring-web-5.3.3.jar;C:\Users\JorgeVillafuerteGord\.m2\repository\org\springframework\spring-webmvc\5.3.3\spring-webmvc-5.3.3.jar;C:\Users\JorgeVillafuerteGord\.m2\repository\org\springframework\spring-expression\5.3.3\spring-expression-5.3.3.jar;C:\Users\JorgeVillafuerteGord\.m2\repository\org\springframework\boot\spring-boot-starter-validation\2.4.2\spring-boot-starter-validation-2.4.2.jar;C:\Users\JorgeVillafuerteGord\.m2\repository\org\glassfish\jakarta.el\3.0.3\jakarta.el-3.0.3.jar;C:\Users\JorgeVillafuerteGord\.m2\repository\org\hibernate\validator\hibernate-validator\6.1.7.Final\hibernate-validator-6.1.7.Final.jar;C:\Users\JorgeVillafuerteGord\.m2\repository\jakarta\validation\jakarta.validation-api\2.0.2\jakarta.validation-api-2.0.2.jar;C:\Users\JorgeVillafuerteGord\.m2\repository\org\postgresql\postgresql\42.2.18\postgresql-42.2.18.jar;C:\Users\JorgeVillafuerteGord\.m2\repository\org\checkerframework\checker-qual\3.5.0\checker-qual-3.5.0.jar;C:\Users\JorgeVillafuerteGord\.m2\repository\org\projectlombok\lombok\1.18.16\lombok-1.18.16.jar;C:\Users\JorgeVillafuerteGord\.m2\repository\org\springframework\boot\spring-boot-starter-test\2.4.2\spring-boot-starter-test-2.4.2.jar;C:\Users\JorgeVillafuerteGord\.m2\repository\org\springframework\boot\spring-boot-test\2.4.2\spring-boot-test-2.4.2.jar;C:\Users\JorgeVillafuerteGord\.m2\repository\org\springframework\boot\spring-boot-test-autoconfigure\2.4.2\spring-boot-test-autoconfigure-2.4.2.jar;C:\Users\JorgeVillafuerteGord\.m2\repository\com\jayway\jsonpath\json-path\2.4.0\json-path-2.4.0.jar;C:\Users\JorgeVillafuerteGord\.m2\repository\net\minidev\json-smart\2.3\json-smart-2.3.jar;C:\Users\JorgeVillafuerteGord\.m2\repository\net\minidev\accessors-smart\1.2\accessors-smart-1.2.jar;C:\Users\JorgeVillafuerteGord\.m2\repository\org\ow2\asm\asm\5.0.4\asm-5.0.4.jar;C:\Users\JorgeVillafuerteGord\.m2\repository\jakarta\xml\bind\jakarta.xml.bind-api\2.3.3\jakarta.xml.bind-api-2.3.3.jar;C:\Users\JorgeVillafuerteGord\.m2\repository\jakarta\activation\jakarta.activation-api\1.2.2\jakarta.activation-api-1.2.2.jar;C:\Users\JorgeVillafuerteGord\.m2\repository\org\assertj\assertj-core\3.18.1\assertj-core-3.18.1.jar;C:\Users\JorgeVillafuerteGord\.m2\repository\org\hamcrest\hamcrest\2.2\hamcrest-2.2.jar;C:\Users\JorgeVillafuerteGord\.m2\repository\org\junit\jupiter\junit-jupiter\5.7.0\junit-jupiter-5.7.0.jar;C:\Users\JorgeVillafuerteGord\.m2\repository\org\junit\jupiter\junit-jupiter-api\5.7.0\junit-jupiter-api-5.7.0.jar;C:\Users\JorgeVillafuerteGord\.m2\repository\org\apiguardian\apiguardian-api\1.1.0\apiguardian-api-1.1.0.jar;C:\Users\JorgeVillafuerteGord\.m2\repository\org\opentest4j\opentest4j\1.2.0\opentest4j-1.2.0.jar;C:\Users\JorgeVillafuerteGord\.m2\repository\org\junit\platform\junit-platform-commons\1.7.0\junit-platform-commons-1.7.0.jar;C:\Users\JorgeVillafuerteGord\.m2\repository\org\junit\jupiter\junit-jupiter-params\5.7.0\junit-jupiter-params-5.7.0.jar;C:\Users\JorgeVillafuerteGord\.m2\repository\org\junit\jupiter\junit-jupiter-engine\5.7.0\junit-jupiter-engine-5.7.0.jar;C:\Users\JorgeVillafuerteGord\.m2\repository\org\junit\platform\junit-platform-engine\1.7.0\junit-platform-engine-1.7.0.jar;C:\Users\JorgeVillafuerteGord\.m2\repository\org\mockito\mockito-core\3.6.28\mockito-core-3.6.28.jar;C:\Users\JorgeVillafuerteGord\.m2\repository\net\bytebuddy\byte-buddy-agent\1.10.19\byte-buddy-agent-1.10.19.jar;C:\Users\JorgeVillafuerteGord\.m2\repository\org\objenesis\objenesis\3.1\objenesis-3.1.jar;C:\Users\JorgeVillafuerteGord\.m2\repository\org\mockito\mockito-junit-jupiter\3.6.28\mockito-junit-jupiter-3.6.28.jar;C:\Users\JorgeVillafuerteGord\.m2\repository\org\skyscreamer\jsonassert\1.5.0\jsonassert-1.5.0.jar;C:\Users\JorgeVillafuerteGord\.m2\repository\com\vaadin\external\google\android-json\0.0.20131108.vaadin1\android-json-0.0.20131108.vaadin1.jar;C:\Users\JorgeVillafuerteGord\.m2\repository\org\springframework\spring-core\5.3.3\spring-core-5.3.3.jar;C:\Users\JorgeVillafuerteGord\.m2\repository\org\springframework\spring-jcl\5.3.3\spring-jcl-5.3.3.jar;C:\Users\JorgeVillafuerteGord\.m2\repository\org\springframework\spring-test\5.3.3\spring-test-5.3.3.jar;C:\Users\JorgeVillafuerteGord\.m2\repository\org\xmlunit\xmlunit-core\2.7.0\xmlunit-core-2.7.0.jar;C:\Users\JorgeVillafuerteGord\.m2\repository\org\apache\commons\commons-csv\1.5\commons-csv-1.5.jar;C:\Users\JorgeVillafuerteGord\.m2\repository\uk\gov\nationalarchives\csv-validator-java-api\1.1\csv-validator-java-api-1.1.jar;C:\Users\JorgeVillafuerteGord\.m2\repository\org\scala-lang\scala-library\2.11.6\scala-library-2.11.6.jar;C:\Users\JorgeVillafuerteGord\.m2\repository\org\scalaz\scalaz-core_2.11\7.1.1\scalaz-core_2.11-7.1.1.jar;C:\Users\JorgeVillafuerteGord\.m2\repository\org\scala-lang\modules\scala-parser-combinators_2.11\1.0.2\scala-parser-combinators_2.11-1.0.2.jar;C:\Users\JorgeVillafuerteGord\.m2\repository\org\scala-lang\modules\scala-xml_2.11\1.0.2\scala-xml_2.11-1.0.2.jar;C:\Users\JorgeVillafuerteGord\.m2\repository\com\github\scala-incubator\io\scala-io-file_2.11\0.4.3-1\scala-io-file_2.11-0.4.3-1.jar;C:\Users\JorgeVillafuerteGord\.m2\repository\com\github\scala-incubator\io\scala-io-core_2.11\0.4.3-1\scala-io-core_2.11-0.4.3-1.jar;C:\Users\JorgeVillafuerteGord\.m2\repository\uk\gov\nationalarchives\csv-validator-core\1.1\csv-validator-core-1.1.jar;C:\Users\JorgeVillafuerteGord\.m2\repository\org\scalaz\stream\scalaz-stream_2.11\0.6a\scalaz-stream_2.11-0.6a.jar;C:\Users\JorgeVillafuerteGord\.m2\repository\org\typelevel\scodec-bits_2.11\1.0.4\scodec-bits_2.11-1.0.4.jar;C:\Users\JorgeVillafuerteGord\.m2\repository\org\scala-lang\scala-reflect\2.11.0\scala-reflect-2.11.0.jar;C:\Users\JorgeVillafuerteGord\.m2\repository\org\scalaz\scalaz-concurrent_2.11\7.1.1\scalaz-concurrent_2.11-7.1.1.jar;C:\Users\JorgeVillafuerteGord\.m2\repository\org\scalaz\scalaz-effect_2.11\7.1.1\scalaz-effect_2.11-7.1.1.jar;C:\Users\JorgeVillafuerteGord\.m2\repository\com\madgag\scala-arm_2.11\1.3.4\scala-arm_2.11-1.3.4.jar;C:\Users\JorgeVillafuerteGord\.m2\repository\org\scala-lang\plugins\scala-continuations-library_2.11\1.0.1\scala-continuations-library_2.11-1.0.1.jar;C:\Users\JorgeVillafuerteGord\.m2\repository\joda-time\joda-time\1.6.2\joda-time-1.6.2.jar;C:\Users\JorgeVillafuerteGord\.m2\repository\com\opencsv\opencsv\3.3\opencsv-3.3.jar;C:\Users\JorgeVillafuerteGord\.m2\repository\org\apache\commons\commons-lang3\3.11\commons-lang3-3.11.jar;C:\Users\JorgeVillafuerteGord\.m2\repository\com\gilt\gfc-semver_2.11\0.1.0\gfc-semver_2.11-0.1.0.jar;C:\Users\JorgeVillafuerteGord\.m2\repository\uk\gov\nationalarchives\utf8-validator\1.2\utf8-validator-1.2.jar;C:\Users\JorgeVillafuerteGord\.m2\repository\commons-io\commons-io\1.3.2\commons-io-1.3.2.jar;C:\Users\JorgeVillafuerteGord\.m2\repository\com\soproen\soproen-payments-dto\1\soproen-payments-dto-1.jar;C:\Users\JorgeVillafuerteGord\.m2\repository\javax\validation\validation-api\2.0.1.Final\validation-api-2.0.1.Final.jar;C:\Users\JorgeVillafuerteGord\.m2\repository\org\codehaus\jackson\jackson-mapper-asl\1.9.4\jackson-mapper-asl-1.9.4.jar;C:\Users\JorgeVillafuerteGord\.m2\repository\org\codehaus\jackson\jackson-core-asl\1.9.4\jackson-core-asl-1.9.4.jar;"/>
    <property name="java.vm.vendor" value="Oracle Corporation"/>
    <property name="sun.arch.data.model" value="64"/>
    <property name="user.variant" value=""/>
    <property name="java.vendor.url" value="http://java.oracle.com/"/>
    <property name="user.timezone" value="America/Bogota"/>
    <property name="java.vm.specification.version" value="1.8"/>
    <property name="os.name" value="Windows 10"/>
    <property name="user.country" value="US"/>
    <property name="sun.java.launcher" value="SUN_STANDARD"/>
    <property name="sun.boot.library.path" value="C:\Program Files\Java\jdk1.8.0_221\jre\bin"/>
    <property name="sun.java.command" value="C:\Users\JORGEV~1\AppData\Local\Temp\surefire4631701100242215889\surefirebooter5454408329997256059.jar C:\Users\JorgeVillafuerteGord\AppData\Local\Temp\surefire4631701100242215889 2021-01-22T23-47-48_058-jvmRun1 surefire4026553363561208837tmp surefire_03754083393838248356tmp"/>
    <property name="surefire.test.class.path" value="C:\Users\JorgeVillafuerteGord\Documents\JorgeVillafuerte\0_Personal\1_desarrollo\proyectosPersonales\ProyAyala\11_workspace_ayala\payments\target\test-classes;C:\Users\JorgeVillafuerteGord\Documents\JorgeVillafuerte\0_Personal\1_desarrollo\proyectosPersonales\ProyAyala\11_workspace_ayala\payments\target\classes;C:\Users\JorgeVillafuerteGord\.m2\repository\org\springframework\boot\spring-boot-starter-data-jpa\2.4.2\spring-boot-starter-data-jpa-2.4.2.jar;C:\Users\JorgeVillafuerteGord\.m2\repository\org\springframework\boot\spring-boot-starter-aop\2.4.2\spring-boot-starter-aop-2.4.2.jar;C:\Users\JorgeVillafuerteGord\.m2\repository\org\springframework\spring-aop\5.3.3\spring-aop-5.3.3.jar;C:\Users\JorgeVillafuerteGord\.m2\repository\org\aspectj\aspectjweaver\1.9.6\aspectjweaver-1.9.6.jar;C:\Users\JorgeVillafuerteGord\.m2\repository\org\springframework\boot\spring-boot-starter-jdbc\2.4.2\spring-boot-starter-jdbc-2.4.2.jar;C:\Users\JorgeVillafuerteGord\.m2\repository\com\zaxxer\HikariCP\3.4.5\HikariCP-3.4.5.jar;C:\Users\JorgeVillafuerteGord\.m2\repository\org\springframework\spring-jdbc\5.3.3\spring-jdbc-5.3.3.jar;C:\Users\JorgeVillafuerteGord\.m2\repository\jakarta\transaction\jakarta.transaction-api\1.3.3\jakarta.transaction-api-1.3.3.jar;C:\Users\JorgeVillafuerteGord\.m2\repository\jakarta\persistence\jakarta.persistence-api\2.2.3\jakarta.persistence-api-2.2.3.jar;C:\Users\JorgeVillafuerteGord\.m2\repository\org\hibernate\hibernate-core\5.4.27.Final\hibernate-core-5.4.27.Final.jar;C:\Users\JorgeVillafuerteGord\.m2\repository\org\jboss\logging\jboss-logging\3.4.1.Final\jboss-logging-3.4.1.Final.jar;C:\Users\JorgeVillafuerteGord\.m2\repository\org\javassist\javassist\3.27.0-GA\javassist-3.27.0-GA.jar;C:\Users\JorgeVillafuerteGord\.m2\repository\net\bytebuddy\byte-buddy\1.10.19\byte-buddy-1.10.19.jar;C:\Users\JorgeVillafuerteGord\.m2\repository\antlr\antlr\2.7.7\antlr-2.7.7.jar;C:\Users\JorgeVillafuerteGord\.m2\repository\org\jboss\jandex\2.1.3.Final\jandex-2.1.3.Final.jar;C:\Users\JorgeVillafuerteGord\.m2\repository\com\fasterxml\classmate\1.5.1\classmate-1.5.1.jar;C:\Users\JorgeVillafuerteGord\.m2\repository\org\dom4j\dom4j\2.1.3\dom4j-2.1.3.jar;C:\Users\JorgeVillafuerteGord\.m2\repository\org\hibernate\common\hibernate-commons-annotations\5.1.2.Final\hibernate-commons-annotations-5.1.2.Final.jar;C:\Users\JorgeVillafuerteGord\.m2\repository\org\glassfish\jaxb\jaxb-runtime\2.3.3\jaxb-runtime-2.3.3.jar;C:\Users\JorgeVillafuerteGord\.m2\repository\org\glassfish\jaxb\txw2\2.3.3\txw2-2.3.3.jar;C:\Users\JorgeVillafuerteGord\.m2\repository\com\sun\istack\istack-commons-runtime\3.0.11\istack-commons-runtime-3.0.11.jar;C:\Users\JorgeVillafuerteGord\.m2\repository\com\sun\activation\jakarta.activation\1.2.2\jakarta.activation-1.2.2.jar;C:\Users\JorgeVillafuerteGord\.m2\repository\org\springframework\data\spring-data-jpa\2.4.3\spring-data-jpa-2.4.3.jar;C:\Users\JorgeVillafuerteGord\.m2\repository\org\springframework\data\spring-data-commons\2.4.3\spring-data-commons-2.4.3.jar;C:\Users\JorgeVillafuerteGord\.m2\repository\org\springframework\spring-orm\5.3.3\spring-orm-5.3.3.jar;C:\Users\JorgeVillafuerteGord\.m2\repository\org\springframework\spring-context\5.3.3\spring-context-5.3.3.jar;C:\Users\JorgeVillafuerteGord\.m2\repository\org\springframework\spring-tx\5.3.3\spring-tx-5.3.3.jar;C:\Users\JorgeVillafuerteGord\.m2\repository\org\springframework\spring-beans\5.3.3\spring-beans-5.3.3.jar;C:\Users\JorgeVillafuerteGord\.m2\repository\org\slf4j\slf4j-api\1.7.30\slf4j-api-1.7.30.jar;C:\Users\JorgeVillafuerteGord\.m2\repository\org\springframework\spring-aspects\5.3.3\spring-aspects-5.3.3.jar;C:\Users\JorgeVillafuerteGord\.m2\repository\org\springframework\boot\spring-boot-starter-web\2.4.2\spring-boot-starter-web-2.4.2.jar;C:\Users\JorgeVillafuerteGord\.m2\repository\org\springframework\boot\spring-boot-starter\2.4.2\spring-boot-starter-2.4.2.jar;C:\Users\JorgeVillafuerteGord\.m2\repository\org\springframework\boot\spring-boot\2.4.2\spring-boot-2.4.2.jar;C:\Users\JorgeVillafuerteGord\.m2\repository\org\springframework\boot\spring-boot-autoconfigure\2.4.2\spring-boot-autoconfigure-2.4.2.jar;C:\Users\JorgeVillafuerteGord\.m2\repository\org\springframework\boot\spring-boot-starter-logging\2.4.2\spring-boot-starter-logging-2.4.2.jar;C:\Users\JorgeVillafuerteGord\.m2\repository\ch\qos\logback\logback-classic\1.2.3\logback-classic-1.2.3.jar;C:\Users\JorgeVillafuerteGord\.m2\repository\ch\qos\logback\logback-core\1.2.3\logback-core-1.2.3.jar;C:\Users\JorgeVillafuerteGord\.m2\repository\org\apache\logging\log4j\log4j-to-slf4j\2.13.3\log4j-to-slf4j-2.13.3.jar;C:\Users\JorgeVillafuerteGord\.m2\repository\org\apache\logging\log4j\log4j-api\2.13.3\log4j-api-2.13.3.jar;C:\Users\JorgeVillafuerteGord\.m2\repository\org\slf4j\jul-to-slf4j\1.7.30\jul-to-slf4j-1.7.30.jar;C:\Users\JorgeVillafuerteGord\.m2\repository\jakarta\annotation\jakarta.annotation-api\1.3.5\jakarta.annotation-api-1.3.5.jar;C:\Users\JorgeVillafuerteGord\.m2\repository\org\yaml\snakeyaml\1.27\snakeyaml-1.27.jar;C:\Users\JorgeVillafuerteGord\.m2\repository\org\springframework\boot\spring-boot-starter-json\2.4.2\spring-boot-starter-json-2.4.2.jar;C:\Users\JorgeVillafuerteGord\.m2\repository\com\fasterxml\jackson\core\jackson-databind\2.11.4\jackson-databind-2.11.4.jar;C:\Users\JorgeVillafuerteGord\.m2\repository\com\fasterxml\jackson\core\jackson-annotations\2.11.4\jackson-annotations-2.11.4.jar;C:\Users\JorgeVillafuerteGord\.m2\repository\com\fasterxml\jackson\core\jackson-core\2.11.4\jackson-core-2.11.4.jar;C:\Users\JorgeVillafuerteGord\.m2\repository\com\fasterxml\jackson\datatype\jackson-datatype-jdk8\2.11.4\jackson-datatype-jdk8-2.11.4.jar;C:\Users\JorgeVillafuerteGord\.m2\repository\com\fasterxml\jackson\datatype\jackson-datatype-jsr310\2.11.4\jackson-datatype-jsr310-2.11.4.jar;C:\Users\JorgeVillafuerteGord\.m2\repository\com\fasterxml\jackson\module\jackson-module-parameter-names\2.11.4\jackson-module-parameter-names-2.11.4.jar;C:\Users\JorgeVillafuerteGord\.m2\repository\org\springframework\boot\spring-boot-starter-tomcat\2.4.2\spring-boot-starter-tomcat-2.4.2.jar;C:\Users\JorgeVillafuerteGord\.m2\repository\org\apache\tomcat\embed\tomcat-embed-core\9.0.41\tomcat-embed-core-9.0.41.jar;C:\Users\JorgeVillafuerteGord\.m2\repository\org\apache\tomcat\embed\tomcat-embed-websocket\9.0.41\tomcat-embed-websocket-9.0.41.jar;C:\Users\JorgeVillafuerteGord\.m2\repository\org\springframework\spring-web\5.3.3\spring-web-5.3.3.jar;C:\Users\JorgeVillafuerteGord\.m2\repository\org\springframework\spring-webmvc\5.3.3\spring-webmvc-5.3.3.jar;C:\Users\JorgeVillafuerteGord\.m2\repository\org\springframework\spring-expression\5.3.3\spring-expression-5.3.3.jar;C:\Users\JorgeVillafuerteGord\.m2\repository\org\springframework\boot\spring-boot-starter-validation\2.4.2\spring-boot-starter-validation-2.4.2.jar;C:\Users\JorgeVillafuerteGord\.m2\repository\org\glassfish\jakarta.el\3.0.3\jakarta.el-3.0.3.jar;C:\Users\JorgeVillafuerteGord\.m2\repository\org\hibernate\validator\hibernate-validator\6.1.7.Final\hibernate-validator-6.1.7.Final.jar;C:\Users\JorgeVillafuerteGord\.m2\repository\jakarta\validation\jakarta.validation-api\2.0.2\jakarta.validation-api-2.0.2.jar;C:\Users\JorgeVillafuerteGord\.m2\repository\org\postgresql\postgresql\42.2.18\postgresql-42.2.18.jar;C:\Users\JorgeVillafuerteGord\.m2\repository\org\checkerframework\checker-qual\3.5.0\checker-qual-3.5.0.jar;C:\Users\JorgeVillafuerteGord\.m2\repository\org\projectlombok\lombok\1.18.16\lombok-1.18.16.jar;C:\Users\JorgeVillafuerteGord\.m2\repository\org\springframework\boot\spring-boot-starter-test\2.4.2\spring-boot-starter-test-2.4.2.jar;C:\Users\JorgeVillafuerteGord\.m2\repository\org\springframework\boot\spring-boot-test\2.4.2\spring-boot-test-2.4.2.jar;C:\Users\JorgeVillafuerteGord\.m2\repository\org\springframework\boot\spring-boot-test-autoconfigure\2.4.2\spring-boot-test-autoconfigure-2.4.2.jar;C:\Users\JorgeVillafuerteGord\.m2\repository\com\jayway\jsonpath\json-path\2.4.0\json-path-2.4.0.jar;C:\Users\JorgeVillafuerteGord\.m2\repository\net\minidev\json-smart\2.3\json-smart-2.3.jar;C:\Users\JorgeVillafuerteGord\.m2\repository\net\minidev\accessors-smart\1.2\accessors-smart-1.2.jar;C:\Users\JorgeVillafuerteGord\.m2\repository\org\ow2\asm\asm\5.0.4\asm-5.0.4.jar;C:\Users\JorgeVillafuerteGord\.m2\repository\jakarta\xml\bind\jakarta.xml.bind-api\2.3.3\jakarta.xml.bind-api-2.3.3.jar;C:\Users\JorgeVillafuerteGord\.m2\repository\jakarta\activation\jakarta.activation-api\1.2.2\jakarta.activation-api-1.2.2.jar;C:\Users\JorgeVillafuerteGord\.m2\repository\org\assertj\assertj-core\3.18.1\assertj-core-3.18.1.jar;C:\Users\JorgeVillafuerteGord\.m2\repository\org\hamcrest\hamcrest\2.2\hamcrest-2.2.jar;C:\Users\JorgeVillafuerteGord\.m2\repository\org\junit\jupiter\junit-jupiter\5.7.0\junit-jupiter-5.7.0.jar;C:\Users\JorgeVillafuerteGord\.m2\repository\org\junit\jupiter\junit-jupiter-api\5.7.0\junit-jupiter-api-5.7.0.jar;C:\Users\JorgeVillafuerteGord\.m2\repository\org\apiguardian\apiguardian-api\1.1.0\apiguardian-api-1.1.0.jar;C:\Users\JorgeVillafuerteGord\.m2\repository\org\opentest4j\opentest4j\1.2.0\opentest4j-1.2.0.jar;C:\Users\JorgeVillafuerteGord\.m2\repository\org\junit\platform\junit-platform-commons\1.7.0\junit-platform-commons-1.7.0.jar;C:\Users\JorgeVillafuerteGord\.m2\repository\org\junit\jupiter\junit-jupiter-params\5.7.0\junit-jupiter-params-5.7.0.jar;C:\Users\JorgeVillafuerteGord\.m2\repository\org\junit\jupiter\junit-jupiter-engine\5.7.0\junit-jupiter-engine-5.7.0.jar;C:\Users\JorgeVillafuerteGord\.m2\repository\org\junit\platform\junit-platform-engine\1.7.0\junit-platform-engine-1.7.0.jar;C:\Users\JorgeVillafuerteGord\.m2\repository\org\mockito\mockito-core\3.6.28\mockito-core-3.6.28.jar;C:\Users\JorgeVillafuerteGord\.m2\repository\net\bytebuddy\byte-buddy-agent\1.10.19\byte-buddy-agent-1.10.19.jar;C:\Users\JorgeVillafuerteGord\.m2\repository\org\objenesis\objenesis\3.1\objenesis-3.1.jar;C:\Users\JorgeVillafuerteGord\.m2\repository\org\mockito\mockito-junit-jupiter\3.6.28\mockito-junit-jupiter-3.6.28.jar;C:\Users\JorgeVillafuerteGord\.m2\repository\org\skyscreamer\jsonassert\1.5.0\jsonassert-1.5.0.jar;C:\Users\JorgeVillafuerteGord\.m2\repository\com\vaadin\external\google\android-json\0.0.20131108.vaadin1\android-json-0.0.20131108.vaadin1.jar;C:\Users\JorgeVillafuerteGord\.m2\repository\org\springframework\spring-core\5.3.3\spring-core-5.3.3.jar;C:\Users\JorgeVillafuerteGord\.m2\repository\org\springframework\spring-jcl\5.3.3\spring-jcl-5.3.3.jar;C:\Users\JorgeVillafuerteGord\.m2\repository\org\springframework\spring-test\5.3.3\spring-test-5.3.3.jar;C:\Users\JorgeVillafuerteGord\.m2\repository\org\xmlunit\xmlunit-core\2.7.0\xmlunit-core-2.7.0.jar;C:\Users\JorgeVillafuerteGord\.m2\repository\org\apache\commons\commons-csv\1.5\commons-csv-1.5.jar;C:\Users\JorgeVillafuerteGord\.m2\repository\uk\gov\nationalarchives\csv-validator-java-api\1.1\csv-validator-java-api-1.1.jar;C:\Users\JorgeVillafuerteGord\.m2\repository\org\scala-lang\scala-library\2.11.6\scala-library-2.11.6.jar;C:\Users\JorgeVillafuerteGord\.m2\repository\org\scalaz\scalaz-core_2.11\7.1.1\scalaz-core_2.11-7.1.1.jar;C:\Users\JorgeVillafuerteGord\.m2\repository\org\scala-lang\modules\scala-parser-combinators_2.11\1.0.2\scala-parser-combinators_2.11-1.0.2.jar;C:\Users\JorgeVillafuerteGord\.m2\repository\org\scala-lang\modules\scala-xml_2.11\1.0.2\scala-xml_2.11-1.0.2.jar;C:\Users\JorgeVillafuerteGord\.m2\repository\com\github\scala-incubator\io\scala-io-file_2.11\0.4.3-1\scala-io-file_2.11-0.4.3-1.jar;C:\Users\JorgeVillafuerteGord\.m2\repository\com\github\scala-incubator\io\scala-io-core_2.11\0.4.3-1\scala-io-core_2.11-0.4.3-1.jar;C:\Users\JorgeVillafuerteGord\.m2\repository\uk\gov\nationalarchives\csv-validator-core\1.1\csv-validator-core-1.1.jar;C:\Users\JorgeVillafuerteGord\.m2\repository\org\scalaz\stream\scalaz-stream_2.11\0.6a\scalaz-stream_2.11-0.6a.jar;C:\Users\JorgeVillafuerteGord\.m2\repository\org\typelevel\scodec-bits_2.11\1.0.4\scodec-bits_2.11-1.0.4.jar;C:\Users\JorgeVillafuerteGord\.m2\repository\org\scala-lang\scala-reflect\2.11.0\scala-reflect-2.11.0.jar;C:\Users\JorgeVillafuerteGord\.m2\repository\org\scalaz\scalaz-concurrent_2.11\7.1.1\scalaz-concurrent_2.11-7.1.1.jar;C:\Users\JorgeVillafuerteGord\.m2\repository\org\scalaz\scalaz-effect_2.11\7.1.1\scalaz-effect_2.11-7.1.1.jar;C:\Users\JorgeVillafuerteGord\.m2\repository\com\madgag\scala-arm_2.11\1.3.4\scala-arm_2.11-1.3.4.jar;C:\Users\JorgeVillafuerteGord\.m2\repository\org\scala-lang\plugins\scala-continuations-library_2.11\1.0.1\scala-continuations-library_2.11-1.0.1.jar;C:\Users\JorgeVillafuerteGord\.m2\repository\joda-time\joda-time\1.6.2\joda-time-1.6.2.jar;C:\Users\JorgeVillafuerteGord\.m2\repository\com\opencsv\opencsv\3.3\opencsv-3.3.jar;C:\Users\JorgeVillafuerteGord\.m2\repository\org\apache\commons\commons-lang3\3.11\commons-lang3-3.11.jar;C:\Users\JorgeVillafuerteGord\.m2\repository\com\gilt\gfc-semver_2.11\0.1.0\gfc-semver_2.11-0.1.0.jar;C:\Users\JorgeVillafuerteGord\.m2\repository\uk\gov\nationalarchives\utf8-validator\1.2\utf8-validator-1.2.jar;C:\Users\JorgeVillafuerteGord\.m2\repository\commons-io\commons-io\1.3.2\commons-io-1.3.2.jar;C:\Users\JorgeVillafuerteGord\.m2\repository\com\soproen\soproen-payments-dto\1\soproen-payments-dto-1.jar;C:\Users\JorgeVillafuerteGord\.m2\repository\javax\validation\validation-api\2.0.1.Final\validation-api-2.0.1.Final.jar;C:\Users\JorgeVillafuerteGord\.m2\repository\org\codehaus\jackson\jackson-mapper-asl\1.9.4\jackson-mapper-asl-1.9.4.jar;C:\Users\JorgeVillafuerteGord\.m2\repository\org\codehaus\jackson\jackson-core-asl\1.9.4\jackson-core-asl-1.9.4.jar;"/>
    <property name="sun.cpu.endian" value="little"/>
    <property name="user.home" value="C:\Users\JorgeVillafuerteGord"/>
    <property name="user.language" value="en"/>
    <property name="java.specification.vendor" value="Oracle Corporation"/>
    <property name="java.home" value="C:\Program Files\Java\jdk1.8.0_221\jre"/>
    <property name="basedir" value="C:\Users\JorgeVillafuerteGord\Documents\JorgeVillafuerte\0_Personal\1_desarrollo\proyectosPersonales\ProyAyala\11_workspace_ayala\payments"/>
    <property name="style.color" value="always"/>
    <property name="file.separator" value="\"/>
    <property name="line.separator" value="&#10;"/>
    <property name="java.vm.specification.vendor" value="Oracle Corporation"/>
    <property name="java.specification.name" value="Java Platform API Specification"/>
    <property name="java.awt.graphicsenv" value="sun.awt.Win32GraphicsEnvironment"/>
    <property name="surefire.real.class.path" value="C:\Users\JORGEV~1\AppData\Local\Temp\surefire4631701100242215889\surefirebooter5454408329997256059.jar"/>
    <property name="sun.boot.class.path" value="C:\Program Files\Java\jdk1.8.0_221\jre\lib\resources.jar;C:\Program Files\Java\jdk1.8.0_221\jre\lib\rt.jar;C:\Program Files\Java\jdk1.8.0_221\jre\lib\sunrsasign.jar;C:\Program Files\Java\jdk1.8.0_221\jre\lib\jsse.jar;C:\Program Files\Java\jdk1.8.0_221\jre\lib\jce.jar;C:\Program Files\Java\jdk1.8.0_221\jre\lib\charsets.jar;C:\Program Files\Java\jdk1.8.0_221\jre\lib\jfr.jar;C:\Program Files\Java\jdk1.8.0_221\jre\classes"/>
    <property name="user.script" value=""/>
    <property name="sun.management.compiler" value="HotSpot 64-Bit Tiered Compilers"/>
    <property name="java.runtime.version" value="1.8.0_221-b11"/>
    <property name="user.name" value="JorgeVillafuerteGord"/>
    <property name="path.separator" value=";"/>
    <property name="os.version" value="10.0"/>
    <property name="java.endorsed.dirs" value="C:\Program Files\Java\jdk1.8.0_221\jre\lib\endorsed"/>
    <property name="java.runtime.name" value="Java(TM) SE Runtime Environment"/>
    <property name="file.encoding" value="Cp1252"/>
    <property name="java.vm.name" value="Java HotSpot(TM) 64-Bit Server VM"/>
    <property name="localRepository" value="C:\Users\JorgeVillafuerteGord\.m2\repository"/>
    <property name="java.vendor.url.bug" value="http://bugreport.sun.com/bugreport/"/>
    <property name="java.io.tmpdir" value="C:\Users\JORGEV~1\AppData\Local\Temp\"/>
    <property name="java.version" value="1.8.0_221"/>
    <property name="user.dir" value="C:\Users\JorgeVillafuerteGord\Documents\JorgeVillafuerte\0_Personal\1_desarrollo\proyectosPersonales\ProyAyala\11_workspace_ayala\payments"/>
    <property name="os.arch" value="amd64"/>
    <property name="java.vm.specification.name" value="Java Virtual Machine Specification"/>
    <property name="java.awt.printerjob" value="sun.awt.windows.WPrinterJob"/>
    <property name="sun.os.patch.level" value=""/>
    <property name="java.library.path" value="C:\Program Files\Java\jdk1.8.0_221\jre\bin;C:\WINDOWS\Sun\Java\bin;C:\WINDOWS\system32;C:\WINDOWS;C:\Program Files (x86)\Common Files\Oracle\Java\javapath;C:\Program Files\IBM\MQ\java\lib;C:\Program Files\IBM\MQ\java\lib64;C:\WINDOWS\system32;C:\WINDOWS;C:\WINDOWS\System32\Wbem;C:\WINDOWS\System32\WindowsPowerShell\v1.0\;C:\WINDOWS\System32\OpenSSH\;C:\Program Files\IBM\MQ\bin64;C:\Program Files\IBM\MQ\bin;C:\Program Files\IBM\MQ\tools\c\samples\bin64;C:\Program Files\IBM\MQ\tools\c\samples\bin;C:\oracle\bin;C:\JAVG\1_aplicaciones\sonar-scanner-cli-3.3.0.1492-windows\sonar-scanner-3.3.0.1492-windows\bin;C:\Program Files\WSO2\API Manager\3.0.0\bin;C:\Users\JorgeVillafuerteGord\Documents\JorgeVillafuerte\1_aplicaciones\apache-maven-3.6.3\bin;C:\Program Files\IBM\SDP\jdk\bin;C:\Program Files\nodejs\;C:\Program Files\Git\cmd;C:\Program Files\MongoDB\Server\4.2\bin;C:\Program Files\RabbitMQ Server\rabbitmq_server-3.8.8\sbin;C:\Program Files\MySQL\MySQL Server 8.0\bin;C:\Program Files\Docker\Docker\resources\bin;C:\ProgramData\DockerDesktop\version-bin;C:\Users\JorgeVillafuerteGord\AppData\Local\Programs\Python\Python37;C:\Users\JorgeVillafuerteGord\AppData\Local\Programs\Python\Python37\Scripts;C:\Program Files (x86)\Intel\Intel(R) Management Engine Components\DAL;C:\Program Files\Intel\Intel(R) Management Engine Components\DAL;C:\Users\JorgeVillafuerteGord\AppData\Local\Microsoft\WindowsApps;C:\oracle\bin;C:\JAVG\1_aplicaciones\sonar-scanner-cli-3.3.0.1492-windows\sonar-scanner-3.3.0.1492-windows\bin;C:\Users\JorgeVillafuerteGord\AppData\Roaming\npm;C:\Users\JorgeVillafuerteGord\AppData\Local\atom\bin;C:\Program Files\heroku\bin;C:\Users\JorgeVillafuerteGord\AppData\Local\Programs\Microsoft VS Code\bin;C:\Users\JorgeVillafuerteGord\AppData\Local\Microsoft\WindowsApps;;."/>
    <property name="java.vm.info" value="mixed mode"/>
    <property name="java.vendor" value="Oracle Corporation"/>
    <property name="java.vm.version" value="25.221-b11"/>
    <property name="java.ext.dirs" value="C:\Program Files\Java\jdk1.8.0_221\jre\lib\ext;C:\WINDOWS\Sun\Java\lib\ext"/>
    <property name="sun.io.unicode.encoding" value="UnicodeLittle"/>
    <property name="java.class.version" value="52.0"/>
  </properties>
  <testcase name="contextLoads" classname="com.soproen.paymentsmodule.app.AppPaymentsApplicationTests" time="0.309"/>
</testsuite>